[0.009s] Invoking command in '/home/vanszs/Documents/ros2/ros2_ws/build/unique_identifier_msgs': DEBUGINFOD_URLS=https://debuginfod.archlinux.org _=/usr/bin/env /usr/bin/cmake /home/vanszs/Documents/ros2/ros2_ws/src/unique_identifier_msgs -DCMAKE_BUILD_TYPE=RelWithDebInfo -DPYTHON_EXECUTABLE=/home/vanszs/Documents/ros2/ros2_ws/src/drone_mvp/ros2_venv/bin/python3 -DAMENT_CMAKE_SYMLINK_INSTALL=1 -DCMAKE_INSTALL_PREFIX=/home/vanszs/Documents/ros2/ros2_ws/install/unique_identifier_msgs
[0.017s] [0mCMake Deprecation Warning at CMakeLists.txt:1 (cmake_minimum_required):
[0.017s]   Compatibility with CMake < 3.10 will be removed from a future version of
[0.017s]   CMake.
[0.017s] 
[0.017s]   Update the VERSION argument <min> value.  Or, use the <min>...<max> syntax
[0.017s]   to tell CMake that the project requires at least <min> but has been updated
[0.017s]   to work with policies introduced by <max> or earlier.
[0.017s] 
[0.017s] [0m
[0.021s] -- Found ament_cmake: 1.3.11 (/opt/ros/humble/share/ament_cmake/cmake)
[0.180s] -- Override CMake install command with custom implementation using symlinks instead of copying resources
[0.185s] -- Found rosidl_default_generators: 1.2.0 (/opt/ros/humble/share/rosidl_default_generators/cmake)
[0.186s] -- Using all available rosidl_typesupport_c: rosidl_typesupport_fastrtps_c;rosidl_typesupport_introspection_c
[0.187s] -- Found rosidl_adapter: 3.1.6 (/opt/ros/humble/share/rosidl_adapter/cmake)
[0.207s] -- Using all available rosidl_typesupport_cpp: rosidl_typesupport_fastrtps_cpp;rosidl_typesupport_introspection_cpp
[0.558s] -- Found ament_cmake_ros: 0.10.0 (/opt/ros/humble/share/ament_cmake_ros/cmake)
[0.843s] -- Using all available rosidl_typesupport_c: rosidl_typesupport_fastrtps_c;rosidl_typesupport_introspection_c
[1.225s] -- Using all available rosidl_typesupport_cpp: rosidl_typesupport_fastrtps_cpp;rosidl_typesupport_introspection_cpp
[1.225s] [33mCMake Warning (dev) at /opt/ros/humble/share/rosidl_generator_py/cmake/rosidl_generator_py_generate_interfaces.cmake:20 (find_package):
[1.225s]   Policy CMP0148 is not set: The FindPythonInterp and FindPythonLibs modules
[1.225s]   are removed.  Run "cmake --help-policy CMP0148" for policy details.  Use
[1.225s]   the cmake_policy command to set the policy and suppress this warning.
[1.225s] 
[1.225s] Call Stack (most recent call first):
[1.225s]   /opt/ros/humble/share/ament_cmake_core/cmake/core/ament_execute_extensions.cmake:48 (include)
[1.225s]   /opt/ros/humble/share/rosidl_cmake/cmake/rosidl_generate_interfaces.cmake:286 (ament_execute_extensions)
[1.225s]   CMakeLists.txt:21 (rosidl_generate_interfaces)
[1.226s] This warning is for project developers.  Use -Wno-dev to suppress it.
[1.226s] [0m
[1.240s] -- Found python_cmake_module: 0.10.0 (/opt/ros/humble/share/python_cmake_module/cmake)
[1.240s] [33mCMake Warning (dev) at /opt/ros/humble/share/python_cmake_module/cmake/Modules/FindPythonExtra.cmake:52 (find_package):
[1.240s]   Policy CMP0148 is not set: The FindPythonInterp and FindPythonLibs modules
[1.240s]   are removed.  Run "cmake --help-policy CMP0148" for policy details.  Use
[1.240s]   the cmake_policy command to set the policy and suppress this warning.
[1.240s] 
[1.240s] Call Stack (most recent call first):
[1.240s]   /opt/ros/humble/share/rosidl_generator_py/cmake/rosidl_generator_py_generate_interfaces.cmake:23 (find_package)
[1.240s]   /opt/ros/humble/share/ament_cmake_core/cmake/core/ament_execute_extensions.cmake:48 (include)
[1.240s]   /opt/ros/humble/share/rosidl_cmake/cmake/rosidl_generate_interfaces.cmake:286 (ament_execute_extensions)
[1.241s]   CMakeLists.txt:21 (rosidl_generate_interfaces)
[1.241s] This warning is for project developers.  Use -Wno-dev to suppress it.
[1.241s] [0m
[1.252s] [33mCMake Warning (dev) at /opt/ros/humble/share/python_cmake_module/cmake/Modules/FindPythonExtra.cmake:140 (find_package):
[1.252s]   Policy CMP0148 is not set: The FindPythonInterp and FindPythonLibs modules
[1.252s]   are removed.  Run "cmake --help-policy CMP0148" for policy details.  Use
[1.252s]   the cmake_policy command to set the policy and suppress this warning.
[1.253s] 
[1.253s] Call Stack (most recent call first):
[1.253s]   /opt/ros/humble/share/rosidl_generator_py/cmake/rosidl_generator_py_generate_interfaces.cmake:23 (find_package)
[1.253s]   /opt/ros/humble/share/ament_cmake_core/cmake/core/ament_execute_extensions.cmake:48 (include)
[1.253s]   /opt/ros/humble/share/rosidl_cmake/cmake/rosidl_generate_interfaces.cmake:286 (ament_execute_extensions)
[1.253s]   CMakeLists.txt:21 (rosidl_generate_interfaces)
[1.253s] This warning is for project developers.  Use -Wno-dev to suppress it.
[1.253s] [0m
[1.253s] -- Using PYTHON_EXECUTABLE: /home/vanszs/Documents/ros2/ros2_ws/src/drone_mvp/ros2_venv/bin/python3
[1.253s] -- Using PYTHON_INCLUDE_DIRS: /usr/include/python3.13
[1.253s] -- Using PYTHON_LIBRARIES: /usr/lib/libpython3.13.so
[1.352s] -- Using numpy include directory: /home/vanszs/Documents/ros2/ros2_ws/src/drone_mvp/ros2_venv/lib/python3.13/site-packages/numpy/_core/include
[1.360s] -- Found ament_lint_auto: 0.12.12 (/opt/ros/humble/share/ament_lint_auto/cmake)
[1.386s] -- Added test 'copyright' to check source files copyright and LICENSE
[1.390s] -- Added test 'lint_cmake' to check CMake code style
[1.391s] -- Added test 'xmllint' to check XML markup files
[1.394s] -- Configuring done (1.4s)
[1.414s] -- Generating done (0.0s)
[1.419s] -- Build files have been written to: /home/vanszs/Documents/ros2/ros2_ws/build/unique_identifier_msgs
[1.425s] Invoked command in '/home/vanszs/Documents/ros2/ros2_ws/build/unique_identifier_msgs' returned '0': DEBUGINFOD_URLS=https://debuginfod.archlinux.org _=/usr/bin/env /usr/bin/cmake /home/vanszs/Documents/ros2/ros2_ws/src/unique_identifier_msgs -DCMAKE_BUILD_TYPE=RelWithDebInfo -DPYTHON_EXECUTABLE=/home/vanszs/Documents/ros2/ros2_ws/src/drone_mvp/ros2_venv/bin/python3 -DAMENT_CMAKE_SYMLINK_INSTALL=1 -DCMAKE_INSTALL_PREFIX=/home/vanszs/Documents/ros2/ros2_ws/install/unique_identifier_msgs
[1.426s] Invoking command in '/home/vanszs/Documents/ros2/ros2_ws/build/unique_identifier_msgs': DEBUGINFOD_URLS=https://debuginfod.archlinux.org _=/usr/bin/env /usr/bin/cmake --build /home/vanszs/Documents/ros2/ros2_ws/build/unique_identifier_msgs -- -j12 -l12
[1.463s] [  3%] [34m[1mGenerating C code for ROS interfaces[0m
[1.471s] [  6%] [34m[1mGenerating C++ code for ROS interfaces[0m
[1.477s] [  6%] Built target ament_cmake_python_symlink_unique_identifier_msgs
[1.503s] Traceback (most recent call last):
[1.503s]   File [35m"/opt/ros/humble/share/rosidl_generator_c/cmake/../../../lib/rosidl_generator_c/rosidl_generator_c"[0m, line [35m8[0m, in [35m<module>[0m
[1.503s]     from rosidl_generator_c import generate_c
[1.503s]   File [35m"/opt/ros/humble/lib/python3.13/site-packages/rosidl_generator_c/__init__.py"[0m, line [35m15[0m, in [35m<module>[0m
[1.503s]     from rosidl_cmake import convert_camel_case_to_lower_case_underscore
[1.503s]   File [35m"/opt/ros/humble/lib/python3.13/site-packages/rosidl_cmake/__init__.py"[0m, line [35m24[0m, in [35m<module>[0m
[1.503s]     from rosidl_parser.parser import parse_idl_file
[1.503s]   File [35m"/opt/ros/humble/lib/python3.13/site-packages/rosidl_parser/parser.py"[0m, line [35m20[0m, in [35m<module>[0m
[1.504s]     from lark import Lark
[1.504s] [1;35mModuleNotFoundError[0m: [35mNo module named 'lark'[0m
[1.512s] Traceback (most recent call last):
[1.513s]   File [35m"/opt/ros/humble/share/rosidl_generator_cpp/cmake/../../../lib/rosidl_generator_cpp/rosidl_generator_cpp"[0m, line [35m8[0m, in [35m<module>[0m
[1.513s]     from rosidl_generator_cpp import generate_cpp
[1.513s]   File [35m"/opt/ros/humble/lib/python3.13/site-packages/rosidl_generator_cpp/__init__.py"[0m, line [35m17[0m, in [35m<module>[0m
[1.513s]     from rosidl_cmake import generate_files
[1.513s]   File [35m"/opt/ros/humble/lib/python3.13/site-packages/rosidl_cmake/__init__.py"[0m, line [35m24[0m, in [35m<module>[0m
[1.513s]     from rosidl_parser.parser import parse_idl_file
[1.513s]   File [35m"/opt/ros/humble/lib/python3.13/site-packages/rosidl_parser/parser.py"[0m, line [35m20[0m, in [35m<module>[0m
[1.514s]     from lark import Lark
[1.514s] [1;35mModuleNotFoundError[0m: [35mNo module named 'lark'[0m
[1.518s] make[2]: *** [CMakeFiles/unique_identifier_msgs__rosidl_generator_c.dir/build.make:87: rosidl_generator_c/unique_identifier_msgs/msg/uuid.h] Error 1
[1.518s] make[1]: *** [CMakeFiles/Makefile2:257: CMakeFiles/unique_identifier_msgs__rosidl_generator_c.dir/all] Error 2
[1.518s] make[1]: *** Waiting for unfinished jobs....
[1.523s] make[2]: *** [CMakeFiles/unique_identifier_msgs__cpp.dir/build.make:93: rosidl_generator_cpp/unique_identifier_msgs/msg/uuid.hpp] Error 1
[1.524s] make[1]: *** [CMakeFiles/Makefile2:386: CMakeFiles/unique_identifier_msgs__cpp.dir/all] Error 2
[1.660s] running egg_info
[1.673s] creating unique_identifier_msgs.egg-info
[1.673s] writing unique_identifier_msgs.egg-info/PKG-INFO
[1.673s] writing dependency_links to unique_identifier_msgs.egg-info/dependency_links.txt
[1.673s] writing top-level names to unique_identifier_msgs.egg-info/top_level.txt
[1.673s] writing manifest file 'unique_identifier_msgs.egg-info/SOURCES.txt'
[1.704s] reading manifest file 'unique_identifier_msgs.egg-info/SOURCES.txt'
[1.704s] writing manifest file 'unique_identifier_msgs.egg-info/SOURCES.txt'
[1.736s] [  6%] Built target ament_cmake_python_build_unique_identifier_msgs_egg
[1.736s] make: *** [Makefile:146: all] Error 2
[1.738s] Invoked command in '/home/vanszs/Documents/ros2/ros2_ws/build/unique_identifier_msgs' returned '2': DEBUGINFOD_URLS=https://debuginfod.archlinux.org _=/usr/bin/env /usr/bin/cmake --build /home/vanszs/Documents/ros2/ros2_ws/build/unique_identifier_msgs -- -j12 -l12
