[0.000000] (-) TimerEvent: {}
[0.000233] (-) JobUnselected: {'identifier': 'geodesy'}
[0.000427] (-) JobUnselected: {'identifier': 'geographic_info'}
[0.000507] (-) JobUnselected: {'identifier': 'geographic_msgs'}
[0.000518] (-) JobUnselected: {'identifier': 'libmavconn'}
[0.000527] (-) JobUnselected: {'identifier': 'mavros'}
[0.000536] (-) JobUnselected: {'identifier': 'mavros_extras'}
[0.000544] (-) JobUnselected: {'identifier': 'mavros_msgs'}
[0.000551] (-) JobUnselected: {'identifier': 'unique_identifier_msgs'}
[0.000561] (drone_mvp) JobQueued: {'identifier': 'drone_mvp', 'dependencies': OrderedDict()}
[0.000573] (drone_mvp) JobStarted: {'identifier': 'drone_mvp'}
[0.008249] (drone_mvp) JobProgress: {'identifier': 'drone_mvp', 'progress': 'cmake'}
[0.008584] (drone_mvp) Command: {'cmd': ['/usr/bin/cmake', '/home/vanszs/Documents/ros2/ros2_ws/src/drone_mvp', '-DCMAKE_INSTALL_PREFIX=/home/vanszs/Documents/ros2/ros2_ws/install/drone_mvp'], 'cwd': '/home/vanszs/Documents/ros2/ros2_ws/build/drone_mvp', 'env': OrderedDict({'SHELL': '/usr/bin/fish', 'ROS_VERSION': '2', 'COLORTERM': 'truecolor', 'PYENV_SHELL': 'fish', 'HYPRLAND_CMD': 'Hyprland', 'VSCODE_DEBUGPY_ADAPTER_ENDPOINTS': '/home/vanszs/.vscode/extensions/ms-python.debugpy-2025.10.0-linux-x64/.noConfigDebugAdapterEndpoints/endpoint-53a94d34f8532e02.txt', 'XDG_SESSION_PATH': '/org/freedesktop/DisplayManager/Session1', 'TERM_PROGRAM_VERSION': '1.102.3', 'WLR_NO_HARDWARE_CURSORS': '1', 'XDG_BACKEND': 'wayland', 'PKG_CONFIG_PATH': '/opt/ros/humble/lib/pkgconfig', 'ROS_PYTHON_VERSION': '3', 'XDG_DATA_HOME': '/home/vanszs/.local/share', 'CUDA_CACHE_PATH': '/home/vanszs/.cache/nv', 'XDG_CONFIG_HOME': '/home/vanszs/.config', 'XCURSOR_PATH': '/usr/share/icons:/home/vanszs/.local/share/icons', 'PYDEVD_DISABLE_FILE_VALIDATION': '1', 'LIBVA_DRIVER_NAME': 'nvidia', 'DESKTOP_SESSION': 'hyprland', 'REDISCLI_HISTFILE': '/home/vanszs/.local/share/redis/rediscli_history', 'HL_INITIAL_WORKSPACE_TOKEN': 'ee02d154-06db-4dbe-bde3-d160ba5edec2', 'NO_AT_BRIDGE': '1', 'EDITOR': 'micro', 'XDG_SEAT': 'seat0', 'PWD': '/home/vanszs/Documents/ros2/ros2_ws/build/drone_mvp', 'XDG_SESSION_DESKTOP': 'Hyprland', 'LOGNAME': 'vanszs', 'QT_QPA_PLATFORMTHEME': 'qt6ct', 'XDG_SESSION_TYPE': 'wayland', 'BUNDLED_DEBUGPY_PATH': '/home/vanszs/.vscode/extensions/ms-python.debugpy-2025.10.0-linux-x64/bundled/libs/debugpy', 'VSCODE_GIT_ASKPASS_NODE': '/opt/visual-studio-code/code', 'MOTD_SHOWN': 'pam', 'VSCODE_INJECTION': '1', 'GTK2_RC_FILES': '/home/vanszs/.config/gtk-2.0/gtkrc', 'HOME': '/home/vanszs', 'LANG': 'en_US.UTF-8', '__GL_VRR_ALLOWED': '1', '_JAVA_AWT_WM_NONREPARENTING': '1', 'CARGO_HOME': '/home/vanszs/.local/share/cargo', 'XDG_CURRENT_DESKTOP': 'Hyprland', 'WAKATIME_HOME': '/home/vanszs/.config/wakatime', 'VIRTUAL_ENV': '/home/vanszs/Documents/ros2/ros2_env', 'STARSHIP_SHELL': 'fish', 'WAYLAND_DISPLAY': 'wayland-1', 'AMENT_PREFIX_PATH': '/opt/ros/humble', 'GIT_ASKPASS': '/opt/visual-studio-code/resources/app/extensions/git/dist/askpass.sh', 'CMAKE_PREFIX_PATH': '/opt/ros/humble/opt/pybind11_vendor:/opt/ros/humble', 'XDG_SEAT_PATH': '/org/freedesktop/DisplayManager/Seat0', 'COLCON_PREFIX_PATH': '/opt/ros/humble', 'CHROME_DESKTOP': 'code.desktop', 'STARSHIP_SESSION_KEY': '1424317152526421', 'QT_QPA_PLATFORM': 'wayland;xcb', 'XDG_CACHE_HOME': '/home/vanszs/.cache', 'VSCODE_GIT_ASKPASS_EXTRA_ARGS': '', 'PYTHON_EXECUTABLE': '/home/vanszs/Documents/ros2/ros2_ws/src/drone_mvp/ros2_venv/bin/python3', 'XDG_SESSION_CLASS': 'user', 'ANDROID_HOME': '/opt/android-sdk', 'PYTHONPATH': '/build/ros2-humble/src/install/lib/python3.13/dist-packages:/opt/ros/humble/lib/python3.13/site-packages', 'COLCON': '1', 'TERM': 'xterm-256color', 'RUSTUP_HOME': '/home/vanszs/.local/share/rustup', 'USER': 'vanszs', 'GIT_PAGER': 'cat', 'JAVA_TOOL_OPTIONS': '-Dsun.java2d.xrender=true -Dsun.java2d.opengl=false', 'VSCODE_GIT_IPC_HANDLE': '/run/user/1000/vscode-git-2ace83e08a.sock', 'HYPRLAND_INSTANCE_SIGNATURE': '4e242d086e20b32951fdc0ebcbfb4d41b5be8dcc_1754305270_1751409894', 'VISUAL': 'micro', 'DISPLAY': ':1', 'SHLVL': '4', 'MOZ_ENABLE_WAYLAND': '1', 'CHROME_EXECUTABLE': '/usr/bin/google-chrome-stable', 'ANDROID_SDK_ROOT': '/opt/android-sdk', 'XDG_VTNR': '1', 'XDG_SESSION_ID': '2', 'VIRTUAL_ENV_PROMPT': 'ros2_env', 'WLR_DRM_NO_ATOMIC': '1', 'XDG_STATE_HOME': '/home/vanszs/.local/state', 'LD_LIBRARY_PATH': '/opt/ros/humble/opt/yaml_cpp_vendor/lib:/opt/ros/humble/opt/rviz_ogre_vendor/lib:/opt/ros/humble/lib', 'XDG_RUNTIME_DIR': '/run/user/1000', 'ROS_LOCALHOST_ONLY': '0', 'PYENV_ROOT': '/home/vanszs/.pyenv', 'DEBUGINFOD_URLS': 'https://debuginfod.archlinux.org', 'VSCODE_GIT_ASKPASS_MAIN': '/opt/visual-studio-code/resources/app/extensions/git/dist/askpass-main.js', 'QT_AUTO_SCREEN_SCALE_FACTOR': '1', 'NODE_REPL_HISTORY': '/home/vanszs/.local/share/node_repl_history', 'XDG_DATA_DIRS': '/home/vanszs/.local/share/flatpak/exports/share:/var/lib/flatpak/exports/share:/usr/local/share:/usr/share', 'GDK_BACKEND': 'wayland', 'BROWSER': '/usr/bin/firefox', 'PATH': '/home/vanszs/Documents/ros2/ros2_env/bin:/usr/bin:/home/vanszs/.pyenv/shims:/home/vanszs/.local/share/pyenv/bin:/opt/android-sdk/platform-tools:/opt/android-sdk/cmdline-tools/latest/bin:/opt/android-sdk/emulator:/opt/flutter/bin:/opt/flutter/bin/cache/dart-sdk/bin:/opt/ros/humble/bin:/usr/local/sbin:/usr/local/bin:/usr/bin:/opt/android-sdk/tools:/opt/android-sdk/tools/bin:/var/lib/flatpak/exports/bin:/usr/lib/jvm/default/bin:/usr/bin/site_perl:/usr/bin/vendor_perl:/usr/bin/core_perl:/home/vanszs/.vscode/extensions/ms-python.debugpy-2025.10.0-linux-x64/bundled/scripts/noConfigScripts:/home/vanszs/.config/Code/User/globalStorage/github.copilot-chat/debugCommand', '__GLX_VENDOR_LIBRARY_NAME': 'nvidia', 'GDK_SCALE': '1', 'ORIGINAL_XDG_CURRENT_DESKTOP': 'Hyprland', 'DBUS_SESSION_BUS_ADDRESS': 'unix:path=/run/user/1000/bus', 'MAIL': '/var/spool/mail/vanszs', 'ROS_DISTRO': 'humble', 'OLDPWD': '/home/vanszs/Documents/ros2/ros2_ws/src/drone_mvp', 'MICRO_TRUECOLOR': '1', 'TERM_PROGRAM': 'vscode', '_': '/usr/bin/env'}), 'shell': False}
[0.022094] (drone_mvp) StderrLine: {'line': b'\x1b[0mCMake Deprecation Warning at CMakeLists.txt:1 (cmake_minimum_required):\n'}
[0.022529] (drone_mvp) StderrLine: {'line': b'  Compatibility with CMake < 3.10 will be removed from a future version of\n'}
[0.022639] (drone_mvp) StderrLine: {'line': b'  CMake.\n'}
[0.022715] (drone_mvp) StderrLine: {'line': b'\n'}
[0.022788] (drone_mvp) StderrLine: {'line': b'  Update the VERSION argument <min> value.  Or, use the <min>...<max> syntax\n'}
[0.022865] (drone_mvp) StderrLine: {'line': b'  to tell CMake that the project requires at least <min> but has been updated\n'}
[0.022941] (drone_mvp) StderrLine: {'line': b'  to work with policies introduced by <max> or earlier.\n'}
[0.023015] (drone_mvp) StderrLine: {'line': b'\n'}
[0.023089] (drone_mvp) StderrLine: {'line': b'\x1b[0m\n'}
[0.058463] (drone_mvp) StdoutLine: {'line': b'-- The C compiler identification is GNU 15.1.1\n'}
[0.099911] (-) TimerEvent: {}
[0.166811] (drone_mvp) StdoutLine: {'line': b'-- The CXX compiler identification is GNU 15.1.1\n'}
[0.177242] (drone_mvp) StdoutLine: {'line': b'-- Detecting C compiler ABI info\n'}
[0.200007] (-) TimerEvent: {}
[0.269633] (drone_mvp) StdoutLine: {'line': b'-- Detecting C compiler ABI info - done\n'}
[0.284587] (drone_mvp) StdoutLine: {'line': b'-- Check for working C compiler: /usr/bin/cc - skipped\n'}
[0.284869] (drone_mvp) StdoutLine: {'line': b'-- Detecting C compile features\n'}
[0.285282] (drone_mvp) StdoutLine: {'line': b'-- Detecting C compile features - done\n'}
[0.300126] (-) TimerEvent: {}
[0.301213] (drone_mvp) StdoutLine: {'line': b'-- Detecting CXX compiler ABI info\n'}
[0.400248] (-) TimerEvent: {}
[0.425435] (drone_mvp) StdoutLine: {'line': b'-- Detecting CXX compiler ABI info - done\n'}
[0.440953] (drone_mvp) StdoutLine: {'line': b'-- Check for working CXX compiler: /usr/bin/c++ - skipped\n'}
[0.441240] (drone_mvp) StdoutLine: {'line': b'-- Detecting CXX compile features\n'}
[0.441729] (drone_mvp) StdoutLine: {'line': b'-- Detecting CXX compile features - done\n'}
[0.451597] (drone_mvp) StdoutLine: {'line': b'-- Found ament_cmake: 1.3.11 (/opt/ros/humble/share/ament_cmake/cmake)\n'}
[0.500338] (-) TimerEvent: {}
[0.571724] (drone_mvp) StdoutLine: {'line': b'-- Found Python3: /home/vanszs/Documents/ros2/ros2_env/bin/python3 (found version "3.13.5") found components: Interpreter\n'}
[0.600452] (-) TimerEvent: {}
[0.670949] (drone_mvp) StdoutLine: {'line': b'-- Found rosidl_default_generators: 1.2.0 (/opt/ros/humble/share/rosidl_default_generators/cmake)\n'}
[0.672870] (drone_mvp) StdoutLine: {'line': b'-- Using all available rosidl_typesupport_c: rosidl_typesupport_fastrtps_c;rosidl_typesupport_introspection_c\n'}
[0.677121] (drone_mvp) StdoutLine: {'line': b'-- Found rosidl_adapter: 3.1.6 (/opt/ros/humble/share/rosidl_adapter/cmake)\n'}
[0.700565] (-) TimerEvent: {}
[0.710060] (drone_mvp) StdoutLine: {'line': b'-- Using all available rosidl_typesupport_cpp: rosidl_typesupport_fastrtps_cpp;rosidl_typesupport_introspection_cpp\n'}
[0.741257] (drone_mvp) StdoutLine: {'line': b'-- Found std_msgs: 4.8.0 (/opt/ros/humble/share/std_msgs/cmake)\n'}
[0.777426] (drone_mvp) StdoutLine: {'line': b'-- Found geometry_msgs: 4.8.0 (/opt/ros/humble/share/geometry_msgs/cmake)\n'}
[0.792731] (drone_mvp) StdoutLine: {'line': b'-- Found sensor_msgs: 4.8.0 (/opt/ros/humble/share/sensor_msgs/cmake)\n'}
[0.800673] (-) TimerEvent: {}
[0.900995] (-) TimerEvent: {}
[0.954220] (drone_mvp) StderrLine: {'line': b'\x1b[31mCMake Error at /opt/ros/humble/share/rosidl_adapter/cmake/rosidl_adapt_interfaces.cmake:59 (message):\n'}
[0.954424] (drone_mvp) StderrLine: {'line': b'  execute_process(/home/vanszs/Documents/ros2/ros2_env/bin/python3 -m\n'}
[0.954539] (drone_mvp) StderrLine: {'line': b'  rosidl_adapter --package-name drone_mvp --arguments-file\n'}
[0.954618] (drone_mvp) StderrLine: {'line': b'  /home/vanszs/Documents/ros2/ros2_ws/build/drone_mvp/rosidl_adapter__arguments__drone_mvp.json\n'}
[0.954689] (drone_mvp) StderrLine: {'line': b'  --output-dir\n'}
[0.954757] (drone_mvp) StderrLine: {'line': b'  /home/vanszs/Documents/ros2/ros2_ws/build/drone_mvp/rosidl_adapter/drone_mvp\n'}
[0.954830] (drone_mvp) StderrLine: {'line': b'  --output-file\n'}
[0.954899] (drone_mvp) StderrLine: {'line': b'  /home/vanszs/Documents/ros2/ros2_ws/build/drone_mvp/rosidl_adapter/drone_mvp.idls)\n'}
[0.954968] (drone_mvp) StderrLine: {'line': b'  returned error code 1:\n'}
[0.955035] (drone_mvp) StderrLine: {'line': b'\n'}
[0.955106] (drone_mvp) StderrLine: {'line': b"  AttributeError processing template 'msg.idl.em'\n"}
[0.955181] (drone_mvp) StderrLine: {'line': b'\n'}
[0.955250] (drone_mvp) StderrLine: {'line': b'  Traceback (most recent call last):\n'}
[0.955313] (drone_mvp) StderrLine: {'line': b'\n'}
[0.955378] (drone_mvp) StderrLine: {'line': b'    File "/opt/ros/humble/lib/python3.13/site-packages/rosidl_adapter/resource/__init__.py", line 51, in evaluate_template\n'}
[0.955443] (drone_mvp) StderrLine: {'line': b'      em.BUFFERED_OPT: True,\n'}
[0.955507] (drone_mvp) StderrLine: {'line': b'      ^^^^^^^^^^^^^^^\n'}
[0.955569] (drone_mvp) StderrLine: {'line': b'\n'}
[0.955634] (drone_mvp) StderrLine: {'line': b"  AttributeError: module 'em' has no attribute 'BUFFERED_OPT'\n"}
[0.955698] (drone_mvp) StderrLine: {'line': b'\n'}
[0.955762] (drone_mvp) StderrLine: {'line': b'\n'}
[0.955827] (drone_mvp) StderrLine: {'line': b'\n'}
[0.955894] (drone_mvp) StderrLine: {'line': b'  During handling of the above exception, another exception occurred:\n'}
[0.955960] (drone_mvp) StderrLine: {'line': b'\n'}
[0.956026] (drone_mvp) StderrLine: {'line': b'\n'}
[0.956091] (drone_mvp) StderrLine: {'line': b'\n'}
[0.956156] (drone_mvp) StderrLine: {'line': b'  Traceback (most recent call last):\n'}
[0.956229] (drone_mvp) StderrLine: {'line': b'\n'}
[0.956295] (drone_mvp) StderrLine: {'line': b'    File "<frozen runpy>", line 198, in _run_module_as_main\n'}
[0.956361] (drone_mvp) StderrLine: {'line': b'    File "<frozen runpy>", line 88, in _run_code\n'}
[0.956427] (drone_mvp) StderrLine: {'line': b'    File "/opt/ros/humble/lib/python3.13/site-packages/rosidl_adapter/__main__.py", line 19, in <module>\n'}
[0.956499] (drone_mvp) StderrLine: {'line': b'      sys.exit(main())\n'}
[0.956567] (drone_mvp) StderrLine: {'line': b'               ~~~~^^\n'}
[0.956635] (drone_mvp) StderrLine: {'line': b'    File "/opt/ros/humble/lib/python3.13/site-packages/rosidl_adapter/main.py", line 53, in main\n'}
[0.956702] (drone_mvp) StderrLine: {'line': b'      abs_idl_file = convert_to_idl(\n'}
[0.956769] (drone_mvp) StderrLine: {'line': b'          pathlib.Path(basepath), args.package_name,\n'}
[0.956836] (drone_mvp) StderrLine: {'line': b'          pathlib.Path(relative_path), output_dir)\n'}
[0.956903] (drone_mvp) StderrLine: {'line': b'    File "/opt/ros/humble/lib/python3.13/site-packages/rosidl_adapter/__init__.py", line 19, in convert_to_idl\n'}
[0.956977] (drone_mvp) StderrLine: {'line': b'      return convert_msg_to_idl(\n'}
[0.957045] (drone_mvp) StderrLine: {'line': b"          package_dir, package_name, interface_file, output_dir / 'msg')\n"}
[0.957111] (drone_mvp) StderrLine: {'line': b'    File "/opt/ros/humble/lib/python3.13/site-packages/rosidl_adapter/msg/__init__.py", line 39, in convert_msg_to_idl\n'}
[0.957185] (drone_mvp) StderrLine: {'line': b"      expand_template('msg.idl.em', data, output_file, encoding='iso-8859-1')\n"}
[0.957257] (drone_mvp) StderrLine: {'line': b'      ~~~~~~~~~~~~~~~^^^^^^^^^^^^^^^^^^^^^^^^^^^^^^^^^^^^^^^^^^^^^^^^^^^^^^^^\n'}
[0.957329] (drone_mvp) StderrLine: {'line': b'    File "/opt/ros/humble/lib/python3.13/site-packages/rosidl_adapter/resource/__init__.py", line 23, in expand_template\n'}
[0.957399] (drone_mvp) StderrLine: {'line': b'      content = evaluate_template(template_name, data)\n'}
[0.957467] (drone_mvp) StderrLine: {'line': b'    File "/opt/ros/humble/lib/python3.13/site-packages/rosidl_adapter/resource/__init__.py", line 69, in evaluate_template\n'}
[0.957539] (drone_mvp) StderrLine: {'line': b'      _interpreter.shutdown()\n'}
[0.957614] (drone_mvp) StderrLine: {'line': b'      ^^^^^^^^^^^^^^^^^^^^^\n'}
[0.957688] (drone_mvp) StderrLine: {'line': b'\n'}
[0.957779] (drone_mvp) StderrLine: {'line': b"  AttributeError: 'NoneType' object has no attribute 'shutdown'\n"}
[0.957854] (drone_mvp) StderrLine: {'line': b'\n'}
[0.957935] (drone_mvp) StderrLine: {'line': b'Call Stack (most recent call first):\n'}
[0.958012] (drone_mvp) StderrLine: {'line': b'  /opt/ros/humble/share/rosidl_cmake/cmake/rosidl_generate_interfaces.cmake:130 (rosidl_adapt_interfaces)\n'}
[0.958083] (drone_mvp) StderrLine: {'line': b'  CMakeLists.txt:16 (rosidl_generate_interfaces)\n'}
[0.958153] (drone_mvp) StderrLine: {'line': b'\n'}
[0.958227] (drone_mvp) StderrLine: {'line': b'\x1b[0m\n'}
[0.958296] (drone_mvp) StdoutLine: {'line': b'-- Configuring incomplete, errors occurred!\n'}
[0.960363] (drone_mvp) CommandEnded: {'returncode': 1}
[0.974984] (drone_mvp) JobEnded: {'identifier': 'drone_mvp', 'rc': 1}
[0.985535] (-) EventReactorShutdown: {}
